<?xml version="1.0" encoding="UTF-8"?>
<!-- Generated by org.testng.reporters.JUnitXMLReporter -->
<testsuite hostname="DESKTOP-I322BAE" name="Test" tests="1" failures="1" timestamp="30 Sep 2020 14:45:16 GMT" time="32.692" errors="0">
  <testcase name="searchAccuracy" time="11.186" classname="amazonauto.Demotest">
    <failure type="java.lang.AssertionError" message="expected [true] but found [false]">
      <![CDATA[java.lang.AssertionError: expected [true] but found [false]
	at amazonauto.Demotest.searchAccuracy(Demotest.java:52)
... Removed 29 stack frames]]>
    </failure>
  </testcase> <!-- searchAccuracy -->
</testsuite> <!-- Test -->
